-------------------------------------------------------------------------------
Test set: TestSuite
-------------------------------------------------------------------------------
Tests run: 7, Failures: 1, Errors: 0, Skipped: 0, Time elapsed: 175.652 s <<< FAILURE! - in TestSuite
searchFlights(tests.FlightsTest)  Time elapsed: 18.703 s  <<< FAILURE!
java.lang.AssertionError: expected [true] but found [false]
	at tests.FlightsTest.searchFlights(FlightsTest.java:34)

